<?xml version="1.0" encoding="UTF-8"?>
<!-- Generated by org.testng.reporters.JUnitReportReporter -->
<testsuite hostname="SPKHILAP-1106" failures="0" tests="7" name="com.api.tests.BookingTest" time="13.779" errors="0" timestamp="2025-02-18T11:52:49 PKT" skipped="0">
  <testcase classname="com.api.tests.BookingTest" name="testHealthCheckPing" time="4.209"/>
  <system-out/>
  <testcase classname="com.api.tests.BookingTest" name="testGenerateAuthToken" time="2.917"/>
  <system-out/>
  <testcase classname="com.api.tests.BookingTest" name="testCreateBooking" time="1.576"/>
  <system-out/>
  <testcase classname="com.api.tests.BookingTest" name="testGetBookingById" time="1.305"/>
  <system-out/>
  <testcase classname="com.api.tests.BookingTest" name="testUpdateBooking" time="1.346"/>
  <system-out/>
  <testcase classname="com.api.tests.BookingTest" name="testPartialUpdateBooking" time="1.238"/>
  <system-out/>
  <testcase classname="com.api.tests.BookingTest" name="testDeleteBooking" time="1.188"/>
  <system-out/>
</testsuite> <!-- com.api.tests.BookingTest -->
