<?xml version="1.0" encoding="UTF-8"?>
<!-- Generated by org.testng.reporters.JUnitReportReporter -->
<testsuite hostname="SPKHILAP-1106" failures="0" tests="1" name="com.api.tests.RestfulBookerAPITest" time="2.133" errors="0" timestamp="2025-02-18T11:52:49 PKT" skipped="0">
  <testcase classname="com.api.tests.RestfulBookerAPITest" name="testGetBookingByIdMock" time="2.133"/>
  <system-out/>
</testsuite> <!-- com.api.tests.RestfulBookerAPITest -->
